<?xml version="1.0" encoding="UTF-8"?>
<!-- Generated by org.testng.reporters.JUnitXMLReporter -->
<testsuite ignored="0" hostname="LAPTOP-V12LU4S8" failures="1" tests="3" name="Test" time="10.429" errors="0" timestamp="2020-05-26T14:29:38 IST">
  <testcase classname="com.lakme.Testcases.FlightsPageTestcases" name="selectOneWayOptionTest" time="0.032">
    <failure type="java.lang.AssertionError" message="expected [true] but found [false]">
      <![CDATA[java.lang.AssertionError: expected [true] but found [false]
at com.lakme.Testcases.FlightsPageTestcases.selectOneWayOptionTest(FlightsPageTestcases.java:31)
at java.base/java.util.ArrayList.forEach(ArrayList.java:1510)
... Removed 31 stack frames]]>
    </failure>
  </testcase> <!-- selectOneWayOptionTest -->
  <testcase classname="com.lakme.Testcases.FlightsPageTestcases" name="roundTripOptionTest" time="0.354"/>
  <testcase classname="com.lakme.Testcases.FlightsPageTestcases" name="multicityOptionTest" time="0.123"/>
</testsuite> <!-- Test -->
